<?xml version="1.0" encoding="UTF-8"?>
<testsuites name="July Release tcs" time="112.387" tests="2" failures="1" errors="0">
   <testsuite name="July Release tcs" tests="2" failures="1" errors="0" time="112.387" timestamp="2020-09-01 08:35:28" hostname="chaitu - chaitanya" id="Test Suites/July Release tcs">
      <properties>
         <property name="deviceName" value=""/>
         <property name="devicePlatform" value=""/>
         <property name="logFolder" value="C:\\Users\\chaitu\\git\\TestSix\\Reports\\20200901_083024\\July Release tcs\\20200901_083025"/>
         <property name="logFiles" value="C:\\Users\\chaitu\\git\\TestSix\\Reports\\20200901_083024\\July Release tcs\\20200901_083025\\execution0.log, C:\\Users\\chaitu\\git\\TestSix\\Reports\\20200901_083024\\July Release tcs\\20200901_083025\\IEDriverServer.log"/>
         <property name="attachments" value="C:\\Users\\chaitu\\git\\TestSix\\Reports\\20200901_083024\\July Release tcs\\20200901_083025\\1598929620462.png, C:\\Users\\chaitu\\git\\TestSix\\Reports\\20200901_083024\\July Release tcs\\20200901_083025/videos\\test_2.avi"/>
         <property name="hostName" value="chaitu - chaitanya"/>
         <property name="os" value="Windows 10 64bit"/>
         <property name="katalonVersion" value="7.6.2.205"/>
         <property name="browser" value="IE 11"/>
         <property name="hostAddress" value="192.168.43.158"/>
         <property name="sessionId" value="f2ed19bd-7fe4-4895-a410-33d4d1197d4e"/>
         <property name="seleniumVersion" value="3.141.59"/>
         <property name="proxyInformation" value="ProxyInformation { proxyOption=NO_PROXY, proxyServerType=HTTP, username=, password=********, proxyServerAddress=, proxyServerPort=0, executionList=\&quot;\&quot;, isApplyToDesiredCapabilities=true }"/>
         <property name="platform" value="Windows 10"/>
      </properties>
      <testcase name="Test Cases/TestCase1_Helth care" time="49.959" classname="Test Cases/TestCase1_Helth care" status="PASSED">
         <system-out><![CDATA[2020-09-01 08:35:29 - [TEST_CASE][PASSED] - Test Cases/TestCase1_Helth care: Test Cases/TestCase1_Helth care

2020-09-01 08:35:32 - [TEST_STEP][PASSED] - openBrowser(""): Browser is opened with url: ''

2020-09-01 08:35:33 - [MESSAGE][INFO] - Starting 'IE' driver

2020-09-01 08:35:34 - [MESSAGE][INFO] - Action delay is set to 0 milliseconds

2020-09-01 08:35:42 - [MESSAGE][PASSED] - Browser is opened with url: ''

2020-09-01 08:35:42 - [TEST_STEP][PASSED] - navigateToUrl(findTestData("Testdata_Internal").getValue("URL", 1)): Navigate to 'https://katalon-demo-cura.herokuapp.com/profile.php#login' successfully

2020-09-01 08:35:47 - [MESSAGE][PASSED] - Navigate to 'https://katalon-demo-cura.herokuapp.com/profile.php#login' successfully

2020-09-01 08:35:47 - [TEST_STEP][PASSED] - setText(findTestObject("Object Repository/Testcase1_Helth care/Page_CURA Healthcare Service/input_Username_username"), findTestData("Testdata_Internal").getValue("UserName", 1)): Text 'John Doe' is set on object 'Object Repository/Testcase1_Helth care/Page_CURA Healthcare Service/input_Username_username'

2020-09-01 08:35:49 - [MESSAGE][PASSED] - Text 'John Doe' is set on object 'Object Repository/Testcase1_Helth care/Page_CURA Healthcare Service/input_Username_username'

2020-09-01 08:35:49 - [TEST_STEP][PASSED] - setEncryptedText(findTestObject("Object Repository/Testcase1_Helth care/Page_CURA Healthcare Service/input_Password_password"), findTestData("Testdata_Internal").getValue("Password", 1)): Text ****** has been set on object 'Object Repository/Testcase1_Helth care/Page_CURA Healthcare Service/input_Password_password'

2020-09-01 08:35:50 - [MESSAGE][PASSED] - Text ****** has been set on object 'Object Repository/Testcase1_Helth care/Page_CURA Healthcare Service/input_Password_password'

2020-09-01 08:35:50 - [TEST_STEP][PASSED] - click(findTestObject("Object Repository/Testcase1_Helth care/Page_CURA Healthcare Service/button_Login")): Object: 'Object Repository/Testcase1_Helth care/Page_CURA Healthcare Service/button_Login' is clicked on

2020-09-01 08:35:55 - [MESSAGE][PASSED] - Object: 'Object Repository/Testcase1_Helth care/Page_CURA Healthcare Service/button_Login' is clicked on

2020-09-01 08:35:55 - [TEST_STEP][PASSED] - selectOptionByValue(findTestObject("Object Repository/Testcase1_Helth care/Page_CURA Healthcare Service/select_Tokyo CURA Healthcare Center        _5b4107"), "Hongkong CURA Healthcare Center", true): All options with value 'Hongkong CURA Healthcare Center' are selected in object 'Object Repository/Testcase1_Helth care/Page_CURA Healthcare Service/select_Tokyo CURA Healthcare Center        _5b4107'  using regular expression

2020-09-01 08:35:58 - [MESSAGE][PASSED] - All options with value 'Hongkong CURA Healthcare Center' are selected in object 'Object Repository/Testcase1_Helth care/Page_CURA Healthcare Service/select_Tokyo CURA Healthcare Center        _5b4107'  using regular expression

2020-09-01 08:35:58 - [TEST_STEP][PASSED] - click(findTestObject("Object Repository/Testcase1_Helth care/Page_CURA Healthcare Service/input_Apply for hospital readmission_hospit_63901f")): Object: 'Object Repository/Testcase1_Helth care/Page_CURA Healthcare Service/input_Apply for hospital readmission_hospit_63901f' is clicked on

2020-09-01 08:36:00 - [MESSAGE][PASSED] - Object: 'Object Repository/Testcase1_Helth care/Page_CURA Healthcare Service/input_Apply for hospital readmission_hospit_63901f' is clicked on

2020-09-01 08:36:00 - [TEST_STEP][PASSED] - click(findTestObject("Object Repository/Testcase1_Helth care/Page_CURA Healthcare Service/input_Visit Date (Required)_visit_date")): Object: 'Object Repository/Testcase1_Helth care/Page_CURA Healthcare Service/input_Visit Date (Required)_visit_date' is clicked on

2020-09-01 08:36:02 - [MESSAGE][PASSED] - Object: 'Object Repository/Testcase1_Helth care/Page_CURA Healthcare Service/input_Visit Date (Required)_visit_date' is clicked on

2020-09-01 08:36:02 - [TEST_STEP][PASSED] - click(findTestObject("Object Repository/Testcase1_Helth care/Page_CURA Healthcare Service/td_25")): Object: 'Object Repository/Testcase1_Helth care/Page_CURA Healthcare Service/td_25' is clicked on

2020-09-01 08:36:05 - [MESSAGE][PASSED] - Object: 'Object Repository/Testcase1_Helth care/Page_CURA Healthcare Service/td_25' is clicked on

2020-09-01 08:36:05 - [TEST_STEP][PASSED] - setText(findTestObject("Object Repository/Testcase1_Helth care/Page_CURA Healthcare Service/textarea_Comment_comment"), findTestData("Testdata_Internal").getValue("Comments", 1)): Text 'Please book the appointment' is set on object 'Object Repository/Testcase1_Helth care/Page_CURA Healthcare Service/textarea_Comment_comment'

2020-09-01 08:36:07 - [MESSAGE][PASSED] - Text 'Please book the appointment' is set on object 'Object Repository/Testcase1_Helth care/Page_CURA Healthcare Service/textarea_Comment_comment'

2020-09-01 08:36:07 - [TEST_STEP][PASSED] - click(findTestObject("Object Repository/Testcase1_Helth care/Page_CURA Healthcare Service/button_Book Appointment")): Object: 'Object Repository/Testcase1_Helth care/Page_CURA Healthcare Service/button_Book Appointment' is clicked on

2020-09-01 08:36:12 - [MESSAGE][PASSED] - Object: 'Object Repository/Testcase1_Helth care/Page_CURA Healthcare Service/button_Book Appointment' is clicked on

2020-09-01 08:36:12 - [TEST_STEP][PASSED] - click(findTestObject("Object Repository/Testcase1_Helth care/Page_CURA Healthcare Service/h2_Appointment Confirmation")): Object: 'Object Repository/Testcase1_Helth care/Page_CURA Healthcare Service/h2_Appointment Confirmation' is clicked on

2020-09-01 08:36:14 - [MESSAGE][PASSED] - Object: 'Object Repository/Testcase1_Helth care/Page_CURA Healthcare Service/h2_Appointment Confirmation' is clicked on

2020-09-01 08:36:14 - [TEST_STEP][PASSED] - click(findTestObject("Object Repository/Testcase1_Helth care/Page_CURA Healthcare Service/p_Please be informed that your appointment _11813a")): Object: 'Object Repository/Testcase1_Helth care/Page_CURA Healthcare Service/p_Please be informed that your appointment _11813a' is clicked on

2020-09-01 08:36:16 - [MESSAGE][PASSED] - Object: 'Object Repository/Testcase1_Helth care/Page_CURA Healthcare Service/p_Please be informed that your appointment _11813a' is clicked on

2020-09-01 08:36:16 - [TEST_STEP][PASSED] - closeBrowser(): Browser is closed

2020-09-01 08:36:17 - [MESSAGE][PASSED] - Browser is closed]]></system-out>
         <system-err><![CDATA[]]></system-err>
      </testcase>
      <testcase name="Test Cases/TestCase2_ecommerce" time="46.639" classname="Test Cases/TestCase2_ecommerce" status="FAILED">
         <failure type="FAILED" message="Test Cases/TestCase2_ecommerce FAILED.
Reason:
com.kms.katalon.core.exception.StepFailedException: Unable to set text 'chaitanya' of object 'Object Repository/TestCase2_ecommerce/Page_ProtoCommerce/input_Name_name'
	at com.kms.katalon.core.webui.keyword.internal.WebUIKeywordMain.stepFailed(WebUIKeywordMain.groovy:64)
	at com.kms.katalon.core.webui.keyword.internal.WebUIKeywordMain.runKeyword(WebUIKeywordMain.groovy:26)
	at com.kms.katalon.core.webui.keyword.builtin.SetTextKeyword.setText(SetTextKeyword.groovy:66)
	at com.kms.katalon.core.webui.keyword.builtin.SetTextKeyword.execute(SetTextKeyword.groovy:37)
	at com.kms.katalon.core.keyword.internal.KeywordExecutor.executeKeywordForPlatform(KeywordExecutor.groovy:73)
	at com.kms.katalon.core.webui.keyword.WebUiBuiltInKeywords.setText(WebUiBuiltInKeywords.groovy:976)
	at com.kms.katalon.core.webui.keyword.WebUiBuiltInKeywords$setText$1.call(Unknown Source)
	at TestCase2_ecommerce.run(TestCase2_ecommerce:23)
	at com.kms.katalon.core.main.ScriptEngine.run(ScriptEngine.java:194)
	at com.kms.katalon.core.main.ScriptEngine.runScriptAsRawText(ScriptEngine.java:119)
	at com.kms.katalon.core.main.TestCaseExecutor.runScript(TestCaseExecutor.java:339)
	at com.kms.katalon.core.main.TestCaseExecutor.doExecute(TestCaseExecutor.java:330)
	at com.kms.katalon.core.main.TestCaseExecutor.processExecutionPhase(TestCaseExecutor.java:309)
	at com.kms.katalon.core.main.TestCaseExecutor.accessMainPhase(TestCaseExecutor.java:301)
	at com.kms.katalon.core.main.TestCaseExecutor.execute(TestCaseExecutor.java:235)
	at com.kms.katalon.core.main.TestSuiteExecutor.accessTestCaseMainPhase(TestSuiteExecutor.java:191)
	at com.kms.katalon.core.main.TestSuiteExecutor.accessTestSuiteMainPhase(TestSuiteExecutor.java:141)
	at com.kms.katalon.core.main.TestSuiteExecutor.execute(TestSuiteExecutor.java:90)
	at com.kms.katalon.core.main.TestCaseMain.startTestSuite(TestCaseMain.java:157)
	at com.kms.katalon.core.main.TestCaseMain$startTestSuite$0.call(Unknown Source)
	at TempTestSuite1598929225628.run(TempTestSuite1598929225628.groovy:39)
Caused by: com.kms.katalon.core.webui.exception.WebElementNotFoundException: Web element with id: 'Object Repository/TestCase2_ecommerce/Page_ProtoCommerce/input_Name_name' located by '//input[@name='name']' not found
	at com.kms.katalon.core.webui.common.WebUiCommonHelper.findWebElement(WebUiCommonHelper.java:1368)
	at com.kms.katalon.core.webui.keyword.internal.WebUIAbstractKeyword.findWebElement(WebUIAbstractKeyword.groovy:27)
	at com.kms.katalon.core.webui.keyword.internal.WebUIAbstractKeyword.findWebElement(WebUIAbstractKeyword.groovy:26)
	at com.kms.katalon.core.webui.keyword.builtin.SetTextKeyword$_setText_closure1.doCall(SetTextKeyword.groovy:51)
	at com.kms.katalon.core.webui.keyword.builtin.SetTextKeyword$_setText_closure1.call(SetTextKeyword.groovy)
	at com.kms.katalon.core.webui.keyword.internal.WebUIKeywordMain.runKeyword(WebUIKeywordMain.groovy:20)
	... 19 more
"/>
         <system-out><![CDATA[2020-09-01 08:36:19 - [TEST_CASE][FAILED] - Test Cases/TestCase2_ecommerce: Test Cases/TestCase2_ecommerce FAILED.
Reason:
com.kms.katalon.core.exception.StepFailedException: Unable to set text 'chaitanya' of object 'Object Repository/TestCase2_ecommerce/Page_ProtoCommerce/input_Name_name'
	at com.kms.katalon.core.webui.keyword.internal.WebUIKeywordMain.stepFailed(WebUIKeywordMain.groovy:64)
	at com.kms.katalon.core.webui.keyword.internal.WebUIKeywordMain.runKeyword(WebUIKeywordMain.groovy:26)
	at com.kms.katalon.core.webui.keyword.builtin.SetTextKeyword.setText(SetTextKeyword.groovy:66)
	at com.kms.katalon.core.webui.keyword.builtin.SetTextKeyword.execute(SetTextKeyword.groovy:37)
	at com.kms.katalon.core.keyword.internal.KeywordExecutor.executeKeywordForPlatform(KeywordExecutor.groovy:73)
	at com.kms.katalon.core.webui.keyword.WebUiBuiltInKeywords.setText(WebUiBuiltInKeywords.groovy:976)
	at com.kms.katalon.core.webui.keyword.WebUiBuiltInKeywords$setText$1.call(Unknown Source)
	at TestCase2_ecommerce.run(TestCase2_ecommerce:23)
	at com.kms.katalon.core.main.ScriptEngine.run(ScriptEngine.java:194)
	at com.kms.katalon.core.main.ScriptEngine.runScriptAsRawText(ScriptEngine.java:119)
	at com.kms.katalon.core.main.TestCaseExecutor.runScript(TestCaseExecutor.java:339)
	at com.kms.katalon.core.main.TestCaseExecutor.doExecute(TestCaseExecutor.java:330)
	at com.kms.katalon.core.main.TestCaseExecutor.processExecutionPhase(TestCaseExecutor.java:309)
	at com.kms.katalon.core.main.TestCaseExecutor.accessMainPhase(TestCaseExecutor.java:301)
	at com.kms.katalon.core.main.TestCaseExecutor.execute(TestCaseExecutor.java:235)
	at com.kms.katalon.core.main.TestSuiteExecutor.accessTestCaseMainPhase(TestSuiteExecutor.java:191)
	at com.kms.katalon.core.main.TestSuiteExecutor.accessTestSuiteMainPhase(TestSuiteExecutor.java:141)
	at com.kms.katalon.core.main.TestSuiteExecutor.execute(TestSuiteExecutor.java:90)
	at com.kms.katalon.core.main.TestCaseMain.startTestSuite(TestCaseMain.java:157)
	at com.kms.katalon.core.main.TestCaseMain$startTestSuite$0.call(Unknown Source)
	at TempTestSuite1598929225628.run(TempTestSuite1598929225628.groovy:39)
Caused by: com.kms.katalon.core.webui.exception.WebElementNotFoundException: Web element with id: 'Object Repository/TestCase2_ecommerce/Page_ProtoCommerce/input_Name_name' located by '//input[@name='name']' not found
	at com.kms.katalon.core.webui.common.WebUiCommonHelper.findWebElement(WebUiCommonHelper.java:1368)
	at com.kms.katalon.core.webui.keyword.internal.WebUIAbstractKeyword.findWebElement(WebUIAbstractKeyword.groovy:27)
	at com.kms.katalon.core.webui.keyword.internal.WebUIAbstractKeyword.findWebElement(WebUIAbstractKeyword.groovy:26)
	at com.kms.katalon.core.webui.keyword.builtin.SetTextKeyword$_setText_closure1.doCall(SetTextKeyword.groovy:51)
	at com.kms.katalon.core.webui.keyword.builtin.SetTextKeyword$_setText_closure1.call(SetTextKeyword.groovy)
	at com.kms.katalon.core.webui.keyword.internal.WebUIKeywordMain.runKeyword(WebUIKeywordMain.groovy:20)
	... 19 more


2020-09-01 08:36:20 - [TEST_STEP][PASSED] - openBrowser(""): Browser is opened with url: ''

2020-09-01 08:36:20 - [MESSAGE][INFO] - Starting 'IE' driver

2020-09-01 08:36:20 - [MESSAGE][INFO] - Action delay is set to 0 milliseconds

2020-09-01 08:36:25 - [MESSAGE][PASSED] - Browser is opened with url: ''

2020-09-01 08:36:25 - [TEST_STEP][PASSED] - navigateToUrl(findTestData("Testdata_External").getValue("URL", 3)): Navigate to 'https://rahulshettyacademy.com/angularpractice/' successfully

2020-09-01 08:36:28 - [MESSAGE][PASSED] - Navigate to 'https://rahulshettyacademy.com/angularpractice/' successfully

2020-09-01 08:36:28 - [TEST_STEP][FAILED] - setText(findTestObject("Object Repository/TestCase2_ecommerce/Page_ProtoCommerce/input_Name_name"), findTestData("Testdata_External").getValue("UserName", 3)): Unable to set text 'chaitanya' of object 'Object Repository/TestCase2_ecommerce/Page_ProtoCommerce/input_Name_name' (Root cause: com.kms.katalon.core.exception.StepFailedException: Unable to set text 'chaitanya' of object 'Object Repository/TestCase2_ecommerce/Page_ProtoCommerce/input_Name_name'
	at com.kms.katalon.core.webui.keyword.internal.WebUIKeywordMain.stepFailed(WebUIKeywordMain.groovy:64)
	at com.kms.katalon.core.webui.keyword.internal.WebUIKeywordMain.runKeyword(WebUIKeywordMain.groovy:26)
	at com.kms.katalon.core.webui.keyword.builtin.SetTextKeyword.setText(SetTextKeyword.groovy:66)
	at com.kms.katalon.core.webui.keyword.builtin.SetTextKeyword.execute(SetTextKeyword.groovy:37)
	at com.kms.katalon.core.keyword.internal.KeywordExecutor.executeKeywordForPlatform(KeywordExecutor.groovy:73)
	at com.kms.katalon.core.webui.keyword.WebUiBuiltInKeywords.setText(WebUiBuiltInKeywords.groovy:976)
	at com.kms.katalon.core.webui.keyword.WebUiBuiltInKeywords$setText$1.call(Unknown Source)
	at TestCase2_ecommerce.run(TestCase2_ecommerce:23)
	at com.kms.katalon.core.main.ScriptEngine.run(ScriptEngine.java:194)
	at com.kms.katalon.core.main.ScriptEngine.runScriptAsRawText(ScriptEngine.java:119)
	at com.kms.katalon.core.main.TestCaseExecutor.runScript(TestCaseExecutor.java:339)
	at com.kms.katalon.core.main.TestCaseExecutor.doExecute(TestCaseExecutor.java:330)
	at com.kms.katalon.core.main.TestCaseExecutor.processExecutionPhase(TestCaseExecutor.java:309)
	at com.kms.katalon.core.main.TestCaseExecutor.accessMainPhase(TestCaseExecutor.java:301)
	at com.kms.katalon.core.main.TestCaseExecutor.execute(TestCaseExecutor.java:235)
	at com.kms.katalon.core.main.TestSuiteExecutor.accessTestCaseMainPhase(TestSuiteExecutor.java:191)
	at com.kms.katalon.core.main.TestSuiteExecutor.accessTestSuiteMainPhase(TestSuiteExecutor.java:141)
	at com.kms.katalon.core.main.TestSuiteExecutor.execute(TestSuiteExecutor.java:90)
	at com.kms.katalon.core.main.TestCaseMain.startTestSuite(TestCaseMain.java:157)
	at com.kms.katalon.core.main.TestCaseMain$startTestSuite$0.call(Unknown Source)
	at TempTestSuite1598929225628.run(TempTestSuite1598929225628.groovy:39)
Caused by: com.kms.katalon.core.webui.exception.WebElementNotFoundException: Web element with id: 'Object Repository/TestCase2_ecommerce/Page_ProtoCommerce/input_Name_name' located by '//input[@name='name']' not found
	at com.kms.katalon.core.webui.common.WebUiCommonHelper.findWebElement(WebUiCommonHelper.java:1368)
	at com.kms.katalon.core.webui.keyword.internal.WebUIAbstractKeyword.findWebElement(WebUIAbstractKeyword.groovy:27)
	at com.kms.katalon.core.webui.keyword.internal.WebUIAbstractKeyword.findWebElement(WebUIAbstractKeyword.groovy:26)
	at com.kms.katalon.core.webui.keyword.builtin.SetTextKeyword$_setText_closure1.doCall(SetTextKeyword.groovy:51)
	at com.kms.katalon.core.webui.keyword.builtin.SetTextKeyword$_setText_closure1.call(SetTextKeyword.groovy)
	at com.kms.katalon.core.webui.keyword.internal.WebUIKeywordMain.runKeyword(WebUIKeywordMain.groovy:20)
	at com.kms.katalon.core.webui.keyword.builtin.SetTextKeyword.setText(SetTextKeyword.groovy:66)
	at com.kms.katalon.core.webui.keyword.builtin.SetTextKeyword.execute(SetTextKeyword.groovy:37)
	at com.kms.katalon.core.keyword.internal.KeywordExecutor.executeKeywordForPlatform(KeywordExecutor.groovy:73)
	at com.kms.katalon.core.webui.keyword.WebUiBuiltInKeywords.setText(WebUiBuiltInKeywords.groovy:976)
	at com.kms.katalon.core.webui.keyword.WebUiBuiltInKeywords$setText$1.call(Unknown Source)
	at Script1597767576003.run(Script1597767576003.groovy:23)
	... 13 more
)

2020-09-01 08:37:00 - [MESSAGE][INFO] - Unable to find the element located by 'By.xpath: //input[@name='name']'. Please recheck the objects properties to make sure the desired element is located. 

2020-09-01 08:37:03 - [MESSAGE][FAILED] - Unable to set text 'chaitanya' of object 'Object Repository/TestCase2_ecommerce/Page_ProtoCommerce/input_Name_name' (Root cause: com.kms.katalon.core.exception.StepFailedException: Unable to set text 'chaitanya' of object 'Object Repository/TestCase2_ecommerce/Page_ProtoCommerce/input_Name_name'
	at com.kms.katalon.core.webui.keyword.internal.WebUIKeywordMain.stepFailed(WebUIKeywordMain.groovy:64)
	at com.kms.katalon.core.webui.keyword.internal.WebUIKeywordMain.runKeyword(WebUIKeywordMain.groovy:26)
	at com.kms.katalon.core.webui.keyword.builtin.SetTextKeyword.setText(SetTextKeyword.groovy:66)
	at com.kms.katalon.core.webui.keyword.builtin.SetTextKeyword.execute(SetTextKeyword.groovy:37)
	at com.kms.katalon.core.keyword.internal.KeywordExecutor.executeKeywordForPlatform(KeywordExecutor.groovy:73)
	at com.kms.katalon.core.webui.keyword.WebUiBuiltInKeywords.setText(WebUiBuiltInKeywords.groovy:976)
	at com.kms.katalon.core.webui.keyword.WebUiBuiltInKeywords$setText$1.call(Unknown Source)
	at TestCase2_ecommerce.run(TestCase2_ecommerce:23)
	at com.kms.katalon.core.main.ScriptEngine.run(ScriptEngine.java:194)
	at com.kms.katalon.core.main.ScriptEngine.runScriptAsRawText(ScriptEngine.java:119)
	at com.kms.katalon.core.main.TestCaseExecutor.runScript(TestCaseExecutor.java:339)
	at com.kms.katalon.core.main.TestCaseExecutor.doExecute(TestCaseExecutor.java:330)
	at com.kms.katalon.core.main.TestCaseExecutor.processExecutionPhase(TestCaseExecutor.java:309)
	at com.kms.katalon.core.main.TestCaseExecutor.accessMainPhase(TestCaseExecutor.java:301)
	at com.kms.katalon.core.main.TestCaseExecutor.execute(TestCaseExecutor.java:235)
	at com.kms.katalon.core.main.TestSuiteExecutor.accessTestCaseMainPhase(TestSuiteExecutor.java:191)
	at com.kms.katalon.core.main.TestSuiteExecutor.accessTestSuiteMainPhase(TestSuiteExecutor.java:141)
	at com.kms.katalon.core.main.TestSuiteExecutor.execute(TestSuiteExecutor.java:90)
	at com.kms.katalon.core.main.TestCaseMain.startTestSuite(TestCaseMain.java:157)
	at com.kms.katalon.core.main.TestCaseMain$startTestSuite$0.call(Unknown Source)
	at TempTestSuite1598929225628.run(TempTestSuite1598929225628.groovy:39)
Caused by: com.kms.katalon.core.webui.exception.WebElementNotFoundException: Web element with id: 'Object Repository/TestCase2_ecommerce/Page_ProtoCommerce/input_Name_name' located by '//input[@name='name']' not found
	at com.kms.katalon.core.webui.common.WebUiCommonHelper.findWebElement(WebUiCommonHelper.java:1368)
	at com.kms.katalon.core.webui.keyword.internal.WebUIAbstractKeyword.findWebElement(WebUIAbstractKeyword.groovy:27)
	at com.kms.katalon.core.webui.keyword.internal.WebUIAbstractKeyword.findWebElement(WebUIAbstractKeyword.groovy:26)
	at com.kms.katalon.core.webui.keyword.builtin.SetTextKeyword$_setText_closure1.doCall(SetTextKeyword.groovy:51)
	at com.kms.katalon.core.webui.keyword.builtin.SetTextKeyword$_setText_closure1.call(SetTextKeyword.groovy)
	at com.kms.katalon.core.webui.keyword.internal.WebUIKeywordMain.runKeyword(WebUIKeywordMain.groovy:20)
	at com.kms.katalon.core.webui.keyword.builtin.SetTextKeyword.setText(SetTextKeyword.groovy:66)
	at com.kms.katalon.core.webui.keyword.builtin.SetTextKeyword.execute(SetTextKeyword.groovy:37)
	at com.kms.katalon.core.keyword.internal.KeywordExecutor.executeKeywordForPlatform(KeywordExecutor.groovy:73)
	at com.kms.katalon.core.webui.keyword.WebUiBuiltInKeywords.setText(WebUiBuiltInKeywords.groovy:976)
	at com.kms.katalon.core.webui.keyword.WebUiBuiltInKeywords$setText$1.call(Unknown Source)
	at Script1597767576003.run(Script1597767576003.groovy:23)
	... 13 more
)
[[ATTACHMENT|C:\\Users\\chaitu\\git\\TestSix\\Reports\\20200901_083024\\July Release tcs\\20200901_083025\\1598929620462.png]]

2020-09-01 08:37:06 - [TEST_STEP][PASSED] - Video: Video recording for test case 'Test Cases/TestCase2_ecommerce' .

2020-09-01 08:37:06 - [MESSAGE][INFO] - Video recording for test case 'Test Cases/TestCase2_ecommerce' .
[[ATTACHMENT|C:\\Users\\chaitu\\git\\TestSix\\Reports\\20200901_083024\\July Release tcs\\20200901_083025/videos\\test_2.avi]]]]></system-out>
         <system-err><![CDATA[2020-09-01 08:36:19 - [TEST_CASE][FAILED] - Test Cases/TestCase2_ecommerce: Test Cases/TestCase2_ecommerce FAILED.
Reason:
com.kms.katalon.core.exception.StepFailedException: Unable to set text 'chaitanya' of object 'Object Repository/TestCase2_ecommerce/Page_ProtoCommerce/input_Name_name'
	at com.kms.katalon.core.webui.keyword.internal.WebUIKeywordMain.stepFailed(WebUIKeywordMain.groovy:64)
	at com.kms.katalon.core.webui.keyword.internal.WebUIKeywordMain.runKeyword(WebUIKeywordMain.groovy:26)
	at com.kms.katalon.core.webui.keyword.builtin.SetTextKeyword.setText(SetTextKeyword.groovy:66)
	at com.kms.katalon.core.webui.keyword.builtin.SetTextKeyword.execute(SetTextKeyword.groovy:37)
	at com.kms.katalon.core.keyword.internal.KeywordExecutor.executeKeywordForPlatform(KeywordExecutor.groovy:73)
	at com.kms.katalon.core.webui.keyword.WebUiBuiltInKeywords.setText(WebUiBuiltInKeywords.groovy:976)
	at com.kms.katalon.core.webui.keyword.WebUiBuiltInKeywords$setText$1.call(Unknown Source)
	at TestCase2_ecommerce.run(TestCase2_ecommerce:23)
	at com.kms.katalon.core.main.ScriptEngine.run(ScriptEngine.java:194)
	at com.kms.katalon.core.main.ScriptEngine.runScriptAsRawText(ScriptEngine.java:119)
	at com.kms.katalon.core.main.TestCaseExecutor.runScript(TestCaseExecutor.java:339)
	at com.kms.katalon.core.main.TestCaseExecutor.doExecute(TestCaseExecutor.java:330)
	at com.kms.katalon.core.main.TestCaseExecutor.processExecutionPhase(TestCaseExecutor.java:309)
	at com.kms.katalon.core.main.TestCaseExecutor.accessMainPhase(TestCaseExecutor.java:301)
	at com.kms.katalon.core.main.TestCaseExecutor.execute(TestCaseExecutor.java:235)
	at com.kms.katalon.core.main.TestSuiteExecutor.accessTestCaseMainPhase(TestSuiteExecutor.java:191)
	at com.kms.katalon.core.main.TestSuiteExecutor.accessTestSuiteMainPhase(TestSuiteExecutor.java:141)
	at com.kms.katalon.core.main.TestSuiteExecutor.execute(TestSuiteExecutor.java:90)
	at com.kms.katalon.core.main.TestCaseMain.startTestSuite(TestCaseMain.java:157)
	at com.kms.katalon.core.main.TestCaseMain$startTestSuite$0.call(Unknown Source)
	at TempTestSuite1598929225628.run(TempTestSuite1598929225628.groovy:39)
Caused by: com.kms.katalon.core.webui.exception.WebElementNotFoundException: Web element with id: 'Object Repository/TestCase2_ecommerce/Page_ProtoCommerce/input_Name_name' located by '//input[@name='name']' not found
	at com.kms.katalon.core.webui.common.WebUiCommonHelper.findWebElement(WebUiCommonHelper.java:1368)
	at com.kms.katalon.core.webui.keyword.internal.WebUIAbstractKeyword.findWebElement(WebUIAbstractKeyword.groovy:27)
	at com.kms.katalon.core.webui.keyword.internal.WebUIAbstractKeyword.findWebElement(WebUIAbstractKeyword.groovy:26)
	at com.kms.katalon.core.webui.keyword.builtin.SetTextKeyword$_setText_closure1.doCall(SetTextKeyword.groovy:51)
	at com.kms.katalon.core.webui.keyword.builtin.SetTextKeyword$_setText_closure1.call(SetTextKeyword.groovy)
	at com.kms.katalon.core.webui.keyword.internal.WebUIKeywordMain.runKeyword(WebUIKeywordMain.groovy:20)
	... 19 more]]></system-err>
      </testcase>
      <system-out><![CDATA[2020-09-01 08:35:28 - [TEST_SUITE][FAILED] - July Release tcs: Test Cases/TestCase2_ecommerce FAILED.
Reason:
com.kms.katalon.core.exception.StepFailedException: Unable to set text 'chaitanya' of object 'Object Repository/TestCase2_ecommerce/Page_ProtoCommerce/input_Name_name'
	at com.kms.katalon.core.webui.keyword.internal.WebUIKeywordMain.stepFailed(WebUIKeywordMain.groovy:64)
	at com.kms.katalon.core.webui.keyword.internal.WebUIKeywordMain.runKeyword(WebUIKeywordMain.groovy:26)
	at com.kms.katalon.core.webui.keyword.builtin.SetTextKeyword.setText(SetTextKeyword.groovy:66)
	at com.kms.katalon.core.webui.keyword.builtin.SetTextKeyword.execute(SetTextKeyword.groovy:37)
	at com.kms.katalon.core.keyword.internal.KeywordExecutor.executeKeywordForPlatform(KeywordExecutor.groovy:73)
	at com.kms.katalon.core.webui.keyword.WebUiBuiltInKeywords.setText(WebUiBuiltInKeywords.groovy:976)
	at com.kms.katalon.core.webui.keyword.WebUiBuiltInKeywords$setText$1.call(Unknown Source)
	at TestCase2_ecommerce.run(TestCase2_ecommerce:23)
	at com.kms.katalon.core.main.ScriptEngine.run(ScriptEngine.java:194)
	at com.kms.katalon.core.main.ScriptEngine.runScriptAsRawText(ScriptEngine.java:119)
	at com.kms.katalon.core.main.TestCaseExecutor.runScript(TestCaseExecutor.java:339)
	at com.kms.katalon.core.main.TestCaseExecutor.doExecute(TestCaseExecutor.java:330)
	at com.kms.katalon.core.main.TestCaseExecutor.processExecutionPhase(TestCaseExecutor.java:309)
	at com.kms.katalon.core.main.TestCaseExecutor.accessMainPhase(TestCaseExecutor.java:301)
	at com.kms.katalon.core.main.TestCaseExecutor.execute(TestCaseExecutor.java:235)
	at com.kms.katalon.core.main.TestSuiteExecutor.accessTestCaseMainPhase(TestSuiteExecutor.java:191)
	at com.kms.katalon.core.main.TestSuiteExecutor.accessTestSuiteMainPhase(TestSuiteExecutor.java:141)
	at com.kms.katalon.core.main.TestSuiteExecutor.execute(TestSuiteExecutor.java:90)
	at com.kms.katalon.core.main.TestCaseMain.startTestSuite(TestCaseMain.java:157)
	at com.kms.katalon.core.main.TestCaseMain$startTestSuite$0.call(Unknown Source)
	at TempTestSuite1598929225628.run(TempTestSuite1598929225628.groovy:39)
Caused by: com.kms.katalon.core.webui.exception.WebElementNotFoundException: Web element with id: 'Object Repository/TestCase2_ecommerce/Page_ProtoCommerce/input_Name_name' located by '//input[@name='name']' not found
	at com.kms.katalon.core.webui.common.WebUiCommonHelper.findWebElement(WebUiCommonHelper.java:1368)
	at com.kms.katalon.core.webui.keyword.internal.WebUIAbstractKeyword.findWebElement(WebUIAbstractKeyword.groovy:27)
	at com.kms.katalon.core.webui.keyword.internal.WebUIAbstractKeyword.findWebElement(WebUIAbstractKeyword.groovy:26)
	at com.kms.katalon.core.webui.keyword.builtin.SetTextKeyword$_setText_closure1.doCall(SetTextKeyword.groovy:51)
	at com.kms.katalon.core.webui.keyword.builtin.SetTextKeyword$_setText_closure1.call(SetTextKeyword.groovy)
	at com.kms.katalon.core.webui.keyword.internal.WebUIKeywordMain.runKeyword(WebUIKeywordMain.groovy:20)
	... 19 more]]></system-out>
      <system-err><![CDATA[2020-09-01 08:35:28 - [TEST_SUITE][FAILED] - July Release tcs: Test Cases/TestCase2_ecommerce FAILED.
Reason:
com.kms.katalon.core.exception.StepFailedException: Unable to set text 'chaitanya' of object 'Object Repository/TestCase2_ecommerce/Page_ProtoCommerce/input_Name_name'
	at com.kms.katalon.core.webui.keyword.internal.WebUIKeywordMain.stepFailed(WebUIKeywordMain.groovy:64)
	at com.kms.katalon.core.webui.keyword.internal.WebUIKeywordMain.runKeyword(WebUIKeywordMain.groovy:26)
	at com.kms.katalon.core.webui.keyword.builtin.SetTextKeyword.setText(SetTextKeyword.groovy:66)
	at com.kms.katalon.core.webui.keyword.builtin.SetTextKeyword.execute(SetTextKeyword.groovy:37)
	at com.kms.katalon.core.keyword.internal.KeywordExecutor.executeKeywordForPlatform(KeywordExecutor.groovy:73)
	at com.kms.katalon.core.webui.keyword.WebUiBuiltInKeywords.setText(WebUiBuiltInKeywords.groovy:976)
	at com.kms.katalon.core.webui.keyword.WebUiBuiltInKeywords$setText$1.call(Unknown Source)
	at TestCase2_ecommerce.run(TestCase2_ecommerce:23)
	at com.kms.katalon.core.main.ScriptEngine.run(ScriptEngine.java:194)
	at com.kms.katalon.core.main.ScriptEngine.runScriptAsRawText(ScriptEngine.java:119)
	at com.kms.katalon.core.main.TestCaseExecutor.runScript(TestCaseExecutor.java:339)
	at com.kms.katalon.core.main.TestCaseExecutor.doExecute(TestCaseExecutor.java:330)
	at com.kms.katalon.core.main.TestCaseExecutor.processExecutionPhase(TestCaseExecutor.java:309)
	at com.kms.katalon.core.main.TestCaseExecutor.accessMainPhase(TestCaseExecutor.java:301)
	at com.kms.katalon.core.main.TestCaseExecutor.execute(TestCaseExecutor.java:235)
	at com.kms.katalon.core.main.TestSuiteExecutor.accessTestCaseMainPhase(TestSuiteExecutor.java:191)
	at com.kms.katalon.core.main.TestSuiteExecutor.accessTestSuiteMainPhase(TestSuiteExecutor.java:141)
	at com.kms.katalon.core.main.TestSuiteExecutor.execute(TestSuiteExecutor.java:90)
	at com.kms.katalon.core.main.TestCaseMain.startTestSuite(TestCaseMain.java:157)
	at com.kms.katalon.core.main.TestCaseMain$startTestSuite$0.call(Unknown Source)
	at TempTestSuite1598929225628.run(TempTestSuite1598929225628.groovy:39)
Caused by: com.kms.katalon.core.webui.exception.WebElementNotFoundException: Web element with id: 'Object Repository/TestCase2_ecommerce/Page_ProtoCommerce/input_Name_name' located by '//input[@name='name']' not found
	at com.kms.katalon.core.webui.common.WebUiCommonHelper.findWebElement(WebUiCommonHelper.java:1368)
	at com.kms.katalon.core.webui.keyword.internal.WebUIAbstractKeyword.findWebElement(WebUIAbstractKeyword.groovy:27)
	at com.kms.katalon.core.webui.keyword.internal.WebUIAbstractKeyword.findWebElement(WebUIAbstractKeyword.groovy:26)
	at com.kms.katalon.core.webui.keyword.builtin.SetTextKeyword$_setText_closure1.doCall(SetTextKeyword.groovy:51)
	at com.kms.katalon.core.webui.keyword.builtin.SetTextKeyword$_setText_closure1.call(SetTextKeyword.groovy)
	at com.kms.katalon.core.webui.keyword.internal.WebUIKeywordMain.runKeyword(WebUIKeywordMain.groovy:20)
	... 19 more]]></system-err>
   </testsuite>
</testsuites>
